<?xml version="1.0" encoding="UTF-8"?>
<!-- Generated by org.testng.reporters.JUnitReportReporter -->
<testsuite skipped="0" hostname="rupesh3151597" name="interview.josh.TestClass2" tests="1" failures="0" timestamp="2021-02-06T20:59:38 IST" time="3.339" errors="0">
  <testcase name="test" time="3.339" classname="interview.josh.TestClass2"/>
  <system-out/>
</testsuite> <!-- interview.josh.TestClass2 -->
