<?xml version="1.0" encoding="UTF-8"?>
<!-- Generated by org.testng.reporters.JUnitReportReporter -->
<testsuite skipped="1" hostname="rupesh3151597" name="interview.josh.TestClass" tests="5" failures="0" timestamp="2021-02-06T10:49:28 IST" time="29.609" errors="0">
  <testcase name="selectDate" time="4.028" classname="interview.josh.TestClass"/>
  <system-out/>
  <testcase name="selectDate" time="8.051" classname="interview.josh.TestClass"/>
  <system-out/>
  <testcase name="selectDate" time="7.887" classname="interview.josh.TestClass"/>
  <system-out/>
  <testcase name="selectDate" time="9.643" classname="interview.josh.TestClass"/>
  <system-out/>
  <testcase name="verifyProductIsAmazonFulfilled" classname="interview.josh.TestClass">
    <skipped/>
  </testcase> <!-- verifyProductIsAmazonFulfilled -->
  <system-out/>
</testsuite> <!-- interview.josh.TestClass -->
